{"logLevel":"debug","message":"multithreading is set to false"}
{"logLevel":"debug","message":"Using reflection to scan dependencies for gauge implementations..."}
log4j:WARN No appenders could be found for logger (io.grpc.netty.shaded.io.netty.util.internal.logging.InternalLoggerFactory).
log4j:WARN Please initialize the log4j system properly.
log4j:WARN See http://logging.apache.org/log4j/1.2/faq.html#noconfig for more info.
{"logLevel":"debug","message":"gauge-java took 682milliseconds to load and scan. This should be less than 'runner_connection_timeout' config value."}
{"logLevel":"debug","message":"run 'gauge config runner_connection_timeout' and verify that it is < 682"}
{"logLevel":"debug","message":"starting gRPC server..."}
{"logLevel":"debug","message":"started gRPC server on port 55511"}
{"logLevel":"info","message":"Listening on port:55511"}
{"logLevel":"debug","message":"Scanning packages for steps"}
{"logLevel":"debug","message":"Comparing 'BaseStep.selectProductRandom' and 'BaseStep.selectProductRandom'"}
{"logLevel":"debug","message":"Found Rastgele product secimi yap in current project scope."}
{"logLevel":"debug","message":"Comparing 'BaseStep.swipeUpI' and 'BaseStep.swipeUpI'"}
{"logLevel":"debug","message":"Found Sayfayı yukarı kaydır in current project scope."}
{"logLevel":"debug","message":"Comparing 'BaseStep.emailGirisi' and 'BaseStep.emailGirisi'"}
{"logLevel":"debug","message":"Found {} Email gir in current project scope."}
{"logLevel":"debug","message":"Comparing 'BaseStep.selectSizeRandom' and 'BaseStep.selectSizeRandom'"}
{"logLevel":"debug","message":"Found Rastgele beden secimi yap in current project scope."}
{"logLevel":"debug","message":"Comparing 'BaseStep.SendkeyElementByid' and 'BaseStep.SendkeyElementByid'"}
{"logLevel":"debug","message":"Found {} Id'li elemente {} değerini yaz in current project scope."}
{"logLevel":"debug","message":"Comparing 'BaseStep.textControlling' and 'BaseStep.textControlling'"}
{"logLevel":"debug","message":"Found {} Id'li elementi bul ve {} degerini iceriyor mu kontrol et in current project scope."}
{"logLevel":"debug","message":"Comparing 'BaseStep.isDisplayed' and 'BaseStep.isDisplayed'"}
{"logLevel":"debug","message":"Found {} Id'li elementin sayfada olup olmadığını kontrol et in current project scope."}
{"logLevel":"debug","message":"Comparing 'BaseStep.clickElementByid' and 'BaseStep.clickElementByid'"}
{"logLevel":"debug","message":"Found {} Id'li elemente tıkla in current project scope."}
{"logLevel":"debug","message":"Comparing 'BaseStep.waitForsecond' and 'BaseStep.waitForsecond'"}
{"logLevel":"debug","message":"Found {} kadar bekle in current project scope."}
{"logLevel":"debug","message":"Comparing 'BaseStep.sifreGirisi' and 'BaseStep.sifreGirisi'"}
{"logLevel":"debug","message":"Found {} Sifre gir in current project scope."}
{"logLevel":"debug","message":"Comparing 'BaseStep.goBack' and 'BaseStep.goBack'"}
{"logLevel":"debug","message":"Found Geri Butonuna Tıkla in current project scope."}
{"logLevel":"debug","message":"Comparing 'BaseStep.textControl' and 'BaseStep.textControl'"}
{"logLevel":"debug","message":"Found {} xpath'li elementi bul ve {} degerini iceriyor mu kontrol et in current project scope."}
{"logLevel":"debug","message":"Comparing 'BaseStep.swipeDown' and 'BaseStep.swipeDown'"}
{"logLevel":"debug","message":"Found Sayfayı aşağı doğru kaydır in current project scope."}
{"logLevel":"debug","message":"Comparing 'BaseStep.SendkeyElementByxpath' and 'BaseStep.SendkeyElementByxpath'"}
{"logLevel":"debug","message":"Found {} xpath'li elemente {} değerini yaz in current project scope."}
{"logLevel":"debug","message":"Comparing 'BaseStep.clickElementByxpath' and 'BaseStep.clickElementByxpath'"}
{"logLevel":"debug","message":"Found {} xpath'li elemente tıkla in current project scope."}
{"logLevel":"debug","message":"Scanning packages for hooks"}
{"logLevel":"debug","message":"Scanned steps (using static parsing + reflections): "}
{"logLevel":"debug","message":"\tSayfayı aşağı doğru kaydır : public void swipeDown()"}
{"logLevel":"debug","message":"\t{} xpath'li elemente {} değerini yaz : public void SendkeyElementByxpath(String Key, String keywordc)"}
{"logLevel":"debug","message":"\t{} Id'li elementin sayfada olup olmadığını kontrol et : public void isDisplayed(String Key)"}
{"logLevel":"debug","message":"\t{} xpath'li elemente tıkla : public void clickElementByxpath(String Key)"}
{"logLevel":"debug","message":"\t{} kadar bekle : public void waitForsecond(ınt second) throws InterruptedException"}
{"logLevel":"debug","message":"\tGeri Butonuna Tıkla : public void goBack()"}
{"logLevel":"debug","message":"\t{} Id'li elementi bul ve {} degerini iceriyor mu kontrol et : public void textControlling(String key, String keyword)"}
{"logLevel":"debug","message":"\t{} xpath'li elementi bul ve {} degerini iceriyor mu kontrol et : public void textControl(String key, String keyword)"}
{"logLevel":"debug","message":"\tRastgele beden secimi yap : public void selectSizeRandom()"}
{"logLevel":"debug","message":"\tSayfayı yukarı kaydır : public void swipeUpI()"}
{"logLevel":"debug","message":"\t{} Sifre gir : public void sifreGirisi(String pswrd)"}
{"logLevel":"debug","message":"\t{} Id'li elemente {} değerini yaz : public void SendkeyElementByid(String Key, String keywordc)"}
{"logLevel":"debug","message":"\tRastgele product secimi yap : public void selectProductRandom()"}
{"logLevel":"debug","message":"\t{} Id'li elemente tıkla : public void clickElementByid(String Key)"}
{"logLevel":"debug","message":"\t{} Email gir : public void emailGirisi(String mail)"}
Lokalde Android  test ayaga kalkti 
May 23, 2022 10:11:09 PM io.appium.java_client.remote.AppiumCommandExecutor$1 lambda$0
INFO: Detected dialect: W3C
{"logLevel":"debug","message":"Executing '{} kadar bekle' using 'class BaseStep.waitForsecond"}
{"logLevel":"debug","message":"Executing '{} Id'li elemente tıkla' using 'class BaseStep.clickElementByid"}
{"logLevel":"debug","message":"Executing '{} kadar bekle' using 'class BaseStep.waitForsecond"}
{"logLevel":"debug","message":"Executing '{} xpath'li elementi bul ve {} degerini iceriyor mu kontrol et' using 'class BaseStep.textControl"}
{"logLevel":"debug","message":"Executing '{} kadar bekle' using 'class BaseStep.waitForsecond"}
{"logLevel":"debug","message":"Executing '{} xpath'li elemente tıkla' using 'class BaseStep.clickElementByxpath"}
{"logLevel":"debug","message":"Executing '{} kadar bekle' using 'class BaseStep.waitForsecond"}
{"logLevel":"debug","message":"Executing '{} xpath'li elementi bul ve {} degerini iceriyor mu kontrol et' using 'class BaseStep.textControl"}
{"logLevel":"debug","message":"Executing '{} kadar bekle' using 'class BaseStep.waitForsecond"}
{"logLevel":"debug","message":"Executing '{} xpath'li elemente tıkla' using 'class BaseStep.clickElementByxpath"}
{"logLevel":"debug","message":"Executing '{} kadar bekle' using 'class BaseStep.waitForsecond"}
{"logLevel":"debug","message":"Executing '{} xpath'li elemente tıkla' using 'class BaseStep.clickElementByxpath"}
{"logLevel":"debug","message":"Executing '{} kadar bekle' using 'class BaseStep.waitForsecond"}
{"logLevel":"debug","message":"Executing 'Sayfayı aşağı doğru kaydır' using 'class BaseStep.swipeDown"}
{"logLevel":"debug","message":"Executing '{} kadar bekle' using 'class BaseStep.waitForsecond"}
{"logLevel":"debug","message":"Executing 'Sayfayı aşağı doğru kaydır' using 'class BaseStep.swipeDown"}
{"logLevel":"debug","message":"Executing '{} kadar bekle' using 'class BaseStep.waitForsecond"}
{"logLevel":"debug","message":"Executing 'Rastgele product secimi yap' using 'class BaseStep.selectProductRandom"}
{"logLevel":"debug","message":"Executing '{} kadar bekle' using 'class BaseStep.waitForsecond"}
{"logLevel":"debug","message":"Executing '{} Id'li elemente tıkla' using 'class BaseStep.clickElementByid"}
{"logLevel":"debug","message":"Executing '{} kadar bekle' using 'class BaseStep.waitForsecond"}
{"logLevel":"debug","message":"Executing '{} Id'li elementi bul ve {} degerini iceriyor mu kontrol et' using 'class BaseStep.textControlling"}
{"logLevel":"debug","message":"Executing '{} kadar bekle' using 'class BaseStep.waitForsecond"}
{"logLevel":"debug","message":"Executing '{} Id'li elemente {} değerini yaz' using 'class BaseStep.SendkeyElementByid"}
{"logLevel":"debug","message":"Executing '{} kadar bekle' using 'class BaseStep.waitForsecond"}
{"logLevel":"debug","message":"Executing '{} Id'li elemente {} değerini yaz' using 'class BaseStep.SendkeyElementByid"}
{"logLevel":"debug","message":"Executing '{} kadar bekle' using 'class BaseStep.waitForsecond"}
{"logLevel":"debug","message":"Executing 'Geri Butonuna Tıkla' using 'class BaseStep.goBack"}
{"logLevel":"debug","message":"Executing '{} kadar bekle' using 'class BaseStep.waitForsecond"}
{"logLevel":"debug","message":"Executing 'Geri Butonuna Tıkla' using 'class BaseStep.goBack"}
{"logLevel":"debug","message":"Executing '{} kadar bekle' using 'class BaseStep.waitForsecond"}
{"logLevel":"debug","message":"Executing 'Rastgele product secimi yap' using 'class BaseStep.selectProductRandom"}
{"logLevel":"debug","message":"Executing '{} kadar bekle' using 'class BaseStep.waitForsecond"}
{"logLevel":"debug","message":"Executing 'Rastgele beden secimi yap' using 'class BaseStep.selectSizeRandom"}
{"logLevel":"debug","message":"Executing '{} kadar bekle' using 'class BaseStep.waitForsecond"}
{"logLevel":"debug","message":"Executing '{} xpath'li elemente tıkla' using 'class BaseStep.clickElementByxpath"}
{"logLevel":"debug","message":"Executing '{} kadar bekle' using 'class BaseStep.waitForsecond"}
{"logLevel":"debug","message":"Executing '{} Email gir' using 'class BaseStep.emailGirisi"}
{"logLevel":"debug","message":"Executing '{} kadar bekle' using 'class BaseStep.waitForsecond"}
{"logLevel":"debug","message":"Executing '{} Sifre gir' using 'class BaseStep.sifreGirisi"}
{"logLevel":"debug","message":"Executing '{} kadar bekle' using 'class BaseStep.waitForsecond"}
{"logLevel":"debug","message":"Executing '{} Id'li elemente tıkla' using 'class BaseStep.clickElementByid"}
{"logLevel":"debug","message":"Executing '{} kadar bekle' using 'class BaseStep.waitForsecond"}
